" --------------------------------------------------
"   FileName: update.log
"       Desc: 更新记录
"     Author: lcc
"      Email: leftcold@gmail.com
"    Version: 1.0.0(beta)
" LastChange: 05/31/2012 01:48
"    History: 参见$VIMFILES/log/update.log \ez
" --------------------------------------------------

" --------------------------------------------------
" [06/05/2012 21:41] 更新说明]{{{
" --------------------------------------------------
" 1.修改autocommand在编辑模式下的映射
" }}}
" --------------------------------------------------
" [06/04/2012 21:07] 更新说明]{{{
" --------------------------------------------------
" 1.增加matchit插件
" 2.修改zencoding处理sass缩写配置
" }}}
" --------------------------------------------------
" [05/31/2012 23:28] 更新说明]{{{
" --------------------------------------------------
" 1.增加php.vim (html enhanced)缩进文件
" 2.增加web-indent缩进文件
" 3.增加coffee-script插件
" 4.添加autocommand插件
" 5.更新对应文件列表和更新说明
" }}}
" --------------------------------------------------
" [05/31/2012 01:46] 更新说明]{{{
" --------------------------------------------------
" 1.移除Conque插件
" 2.移除VE插件
" 3.更新filelist.log
" }}}
" --------------------------------------------------
" [05/30/2012 00:31] 更新说明]{{{
" --------------------------------------------------
" .set.vim
" 1.修改一处备用简写
" 2.修改PHP词文件为相对目录，并默认加载
" 3.支除无用编码设置，优化编码设置
" 4.GUI字体等位置修改说明
" function.vim
" 5.添加参考线函数
" plugin.vim
" 6.移除无用的tags索引
" other
" 7.支掉缩进数字层级
" 8.修改版本号，更新时间
" }}}
" --------------------------------------------------
" [05/27/2012 21:51] 更新说明]{{{
" --------------------------------------------------
" .vimrc
" 1.修改全局加载器
" main.vim
" 2.配置脚本跟据相对路径加载
" 3.将dict的相关设置移动至set.vim
" 4.添中设置启动默认目录的说明
" set.vim
" 5.删除一些无效或不合理的设置项
" 6.启用缩写语法和设置项
" other
" 7.修改command.vim的版本信息等
" 8.更新本日志记录
" }}}
" --------------------------------------------------
" [11/10/2011 00:19] 更新说明]{{{
" --------------------------------------------------
" 1.调整默认配色为desert
" 2.添加编辑模式下到行首行尾热键
" 3.添加花括号，圆括号成对映射键
" 4.修正在windows命令行下中文乱码
" 5.统一win系统与linux系统下rtp路径
" 6.添加Tab和Space互转函数
" }}}
" --------------------------------------------------
" [09/12/2011 22:08] 更新说明]{{{
" --------------------------------------------------
" 1.重新整理全部插件
" 2.添加 $VIMFILES/log/file.txt存放各插件文件说明
" 3.更新Gtrans插件，并作修改
" 4.更新Conque插件，并修改Vimball文件路径
" 5.修改保存文件快键为Ctrl+S
" }}}
" --------------------------------------------------
" [09/10/2011 00:44] 更新说明]{{{
" --------------------------------------------------
" 1.去除C-Tab窗口切换
" 2.修改.vimrc加载配置文件方式
" 3.添加编辑模式下A-n(向下)A-m向上
" 4.修改A-w写入命令为保存命令，添加插入模式下映射
" 5.添加\tc快键关闭当前选项卡
" }}}
" --------------------------------------------------
" [08/08/2011 17:01] 更新说明]{{{
" --------------------------------------------------
" 1.修改taglist插件bug
" 2.添加命令行下粘贴功能
" 3.添加Tabulra插件
" }}}
" --------------------------------------------------
" [08/05/2011 14:11] 更新说明]{{{
" --------------------------------------------------
" 1.修改主 vimrc 去除mswin文件等
" 2.修改set文件，添加常用设置
" 3.修改keybord文件，添加复制，粘贴，全选等按键
" 4.修改function文件，将C-Tab改为S-Tab,C-Tab改为窗
"    口切换
" }}}
" --------------------------------------------------
" [08/02/2011 22:15] 更新说明]{{{
" --------------------------------------------------
" 1.修改taglist插件文件切换时报错
" 2.替换taglist为修改版支持中文目录
" 3.进行一些适当清理
" 4.修改插入时间函数，抹平系统差异
" }}}
" --------------------------------------------------
" [08/01/2011 22:07] 更新说明]{{{
" --------------------------------------------------
" 1.修改Zencoding添加bgc:t缩写
" }}}
" --------------------------------------------------
" [07/31/2011 09:28] 更新说明]{{{
" --------------------------------------------------
" 1.更新配置文件，添缩进处理
" }}}
" --------------------------------------------------
" [07/29/2011 17:20] 更新说明]{{{
" --------------------------------------------------
" 1.处理终端编码
" 2.更新ctags可执行文件
" }}}
" --------------------------------------------------
" [07/21/2011 11:14] 更新说明]{{{
" --------------------------------------------------
" 1.修改去除尾部空白函数
" }}}
" --------------------------------------------------
" [07/19/2011 09:24 更新说明]{{{
" --------------------------------------------------
" 1.取消原有insert模式下<A-O>为上起一行，改为<A-k>
" 2.在GUI模式运行时，取消alt访问菜单
" }}}
" --------------------------------------------------
" [07/18/2011 17:05] 更新说明]{{{
" --------------------------------------------------
" 1.修改_vimrc文件名为.vimrc兼容linux
" 2.在linux下面安装Conque插件，确保linux下可用
" 3.设置linux字体为Monospace
" 4.对自动生成().{}进行修改，生成前不自动添加空格
" 5.修改编辑模式下按键Alt+l右移，Alt+h左移
" }}}
" --------------------------------------------------
" [07/15/2011 14:08] 更新说明]{{{
" --------------------------------------------------
" 1.新增NERDCommenter.Taglist插件
" 2.函数调用快键移动至functions.vim
" 3.新增映射{和(按键
" }}}
" --------------------------------------------------
" [07/11/2011 23:58] 更新说明]{{{
" --------------------------------------------------
" 1.修改Gtrans插件
" 2.整合配置文件
" 3.新增命令定义文件
" vim:ft=vim:sw=4:ts=4:sts=4:noet:fdm=marker:fdc=1
